<?xml version="1.0" encoding="UTF-8" ?>
<testsuite tests="19" failures="0" name="com.qa.ims.persistence.domain.CustomerTest" time="0.001" errors="0" skipped="0">
  <properties>
    <property name="java.runtime.name" value="OpenJDK Runtime Environment"/>
    <property name="java.vm.version" value="14.0.1+7"/>
    <property name="sun.boot.library.path" value="C:\Program Files\Java\jdk-14.0.1\bin"/>
    <property name="maven.multiModuleProjectDirectory" value="C:/Users/Sam Costello/Desktop/ims-project/ims-demo"/>
    <property name="java.vm.vendor" value="Oracle Corporation"/>
    <property name="java.vendor.url" value="https://java.oracle.com/"/>
    <property name="guice.disable.misplaced.annotation.check" value="true"/>
    <property name="path.separator" value=";"/>
    <property name="java.vm.name" value="OpenJDK 64-Bit Server VM"/>
    <property name="sun.os.patch.level" value=""/>
    <property name="user.script" value=""/>
    <property name="user.country" value="GB"/>
    <property name="sun.java.launcher" value="SUN_STANDARD"/>
    <property name="java.vm.specification.name" value="Java Virtual Machine Specification"/>
    <property name="user.dir" value="C:\Users\Sam Costello\Desktop\ims-project\ims-demo"/>
    <property name="java.vm.compressedOopsMode" value="32-bit"/>
    <property name="java.runtime.version" value="14.0.1+7"/>
    <property name="os.arch" value="amd64"/>
    <property name="java.io.tmpdir" value="C:\Users\SAMCOS~1\AppData\Local\Temp\"/>
    <property name="line.separator" value="
"/>
    <property name="java.vm.specification.vendor" value="Oracle Corporation"/>
    <property name="user.variant" value=""/>
    <property name="os.name" value="Windows 10"/>
    <property name="classworlds.conf" value="C:/Program Files/apache-maven-3.6.3/bin/m2.conf"/>
    <property name="sun.jnu.encoding" value="Cp1252"/>
    <property name="java.library.path" value="C:\Program Files\Java\jdk-14.0.1\bin;C:\WINDOWS\Sun\Java\bin;C:\WINDOWS\system32;C:\WINDOWS;C:\Users\Sam Costello\bin;C:\Program Files\Git\mingw64\bin;C:\Program Files\Git\usr\local\bin;C:\Program Files\Git\usr\bin;C:\Program Files\Git\usr\bin;C:\Program Files\Git\mingw64\bin;C:\Program Files\Git\usr\bin;C:\Users\Sam Costello\bin;C:\WINDOWS\system32;C:\WINDOWS;C:\WINDOWS\System32\Wbem;C:\WINDOWS\System32\WindowsPowerShell\v1.0;C:\WINDOWS\System32\OpenSSH;C:\Program Files\Git\cmd;C:\Program Files\Calibre2;C:\Program Files\Java\jdk-14.0.1\bin;C:\Program Files\MySQL\MySQL Shell 8.0\bin;C:\Users\Sam Costello\AppData\Local\Microsoft\WindowsApps;C:\Users\Sam Costello\AppData\Local\Programs\Microsoft VS Code\bin;C:\Program Files\apache-maven-3.6.3\bin;C:\Program Files\Git\usr\bin\vendor_perl;C:\Program Files\Git\usr\bin\core_perl;."/>
    <property name="maven.conf" value="C:/Program Files/apache-maven-3.6.3/conf"/>
    <property name="jdk.debug" value="release"/>
    <property name="java.class.version" value="58.0"/>
    <property name="java.specification.name" value="Java Platform API Specification"/>
    <property name="sun.management.compiler" value="HotSpot 64-Bit Tiered Compilers"/>
    <property name="os.version" value="10.0"/>
    <property name="library.jansi.path" value="C:/Program Files/apache-maven-3.6.3/lib/jansi-native"/>
    <property name="user.home" value="C:\Users\Sam Costello"/>
    <property name="user.timezone" value="Europe/London"/>
    <property name="file.encoding" value="Cp1252"/>
    <property name="java.specification.version" value="14"/>
    <property name="user.name" value="Sam Costello"/>
    <property name="java.class.path" value="C:/Program Files/apache-maven-3.6.3/boot/plexus-classworlds-2.6.0.jar"/>
    <property name="java.vm.specification.version" value="14"/>
    <property name="sun.arch.data.model" value="64"/>
    <property name="sun.java.command" value="org.codehaus.plexus.classworlds.launcher.Launcher package"/>
    <property name="java.home" value="C:\Program Files\Java\jdk-14.0.1"/>
    <property name="user.language" value="en"/>
    <property name="java.specification.vendor" value="Oracle Corporation"/>
    <property name="java.vm.info" value="mixed mode, sharing"/>
    <property name="java.version" value="14.0.1"/>
    <property name="java.vendor" value="Oracle Corporation"/>
    <property name="maven.home" value="C:\Program Files\apache-maven-3.6.3"/>
    <property name="file.separator" value="\"/>
    <property name="java.version.date" value="2020-04-14"/>
    <property name="java.vendor.url.bug" value="https://bugreport.java.com/bugreport/"/>
    <property name="sun.io.unicode.encoding" value="UnicodeLittle"/>
    <property name="sun.cpu.endian" value="little"/>
    <property name="sun.cpu.isalist" value="amd64"/>
  </properties>
  <testcase classname="com.qa.ims.persistence.domain.CustomerTest" name="checkEqualityBetweenDifferentObjectsNullName" time="0"/>
  <testcase classname="com.qa.ims.persistence.domain.CustomerTest" name="customerNamesNotEqual" time="0"/>
  <testcase classname="com.qa.ims.persistence.domain.CustomerTest" name="constructorWithoutId" time="0"/>
  <testcase classname="com.qa.ims.persistence.domain.CustomerTest" name="checkEqualityBetweenDifferentObjects" time="0"/>
  <testcase classname="com.qa.ims.persistence.domain.CustomerTest" name="checkEquality" time="0"/>
  <testcase classname="com.qa.ims.persistence.domain.CustomerTest" name="nullId" time="0"/>
  <testcase classname="com.qa.ims.persistence.domain.CustomerTest" name="customerNameNullButOtherNameNotNull" time="0"/>
  <testcase classname="com.qa.ims.persistence.domain.CustomerTest" name="equalsWithNull" time="0"/>
  <testcase classname="com.qa.ims.persistence.domain.CustomerTest" name="nullIdOnBoth" time="0"/>
  <testcase classname="com.qa.ims.persistence.domain.CustomerTest" name="nullSurnameOnBoth" time="0"/>
  <testcase classname="com.qa.ims.persistence.domain.CustomerTest" name="nullSurname" time="0"/>
  <testcase classname="com.qa.ims.persistence.domain.CustomerTest" name="equalsWithDifferentObject" time="0"/>
  <testcase classname="com.qa.ims.persistence.domain.CustomerTest" name="toStringTest" time="0"/>
  <testcase classname="com.qa.ims.persistence.domain.CustomerTest" name="otherSurnameDifferent" time="0"/>
  <testcase classname="com.qa.ims.persistence.domain.CustomerTest" name="settersTest" time="0"/>
  <testcase classname="com.qa.ims.persistence.domain.CustomerTest" name="createCustomerWithId" time="0.001"/>
  <testcase classname="com.qa.ims.persistence.domain.CustomerTest" name="hashCodeTest" time="0"/>
  <testcase classname="com.qa.ims.persistence.domain.CustomerTest" name="hashCodeTestWithNull" time="0"/>
  <testcase classname="com.qa.ims.persistence.domain.CustomerTest" name="otherIdDifferent" time="0"/>
</testsuite>